<Objs Version="1.1.0.1" xmlns="http://schemas.microsoft.com/powershell/2004/04">
  <Obj RefId="0">
    <TN RefId="0">
      <T>System.Management.Automation.PSCustomObject</T>
      <T>System.Object</T>
    </TN>
    <MS>
      <S N="Vary">Accept-Encoding</S>
      <S N="Last-Modified">Wed, 08 Mar 2017 05:04:54 GMT</S>
      <S N="ETag">"15e27-54a3111ada980"</S>
      <S N="Keep-Alive">timeout=15, max=100</S>
      <S N="Content-Length">89639</S>
      <S N="Accept-Ranges">none</S>
      <S N="Content-Type">text/html</S>
      <S N="Date">Sun, 19 Mar 2017 13:57:39 GMT</S>
      <S N="Server">Apache</S>
      <S N="Connection">Upgrade, Keep-Alive</S>
      <S N="Upgrade">h2</S>
    </MS>
  </Obj>
</Objs>