<Objs Version="1.1.0.1" xmlns="http://schemas.microsoft.com/powershell/2004/04">
  <Obj RefId="0">
    <TN RefId="0">
      <T>System.Management.Automation.PSCustomObject</T>
      <T>System.Object</T>
    </TN>
    <MS>
      <S N="Vary">Accept-Encoding</S>
      <S N="Last-Modified">Wed, 13 Dec 2017 13:40:51 GMT</S>
      <S N="ETag">"168fa-56038ea6cfec0"</S>
      <S N="Keep-Alive">timeout=15, max=100</S>
      <S N="Content-Length">92410</S>
      <S N="Accept-Ranges">none</S>
      <S N="Content-Type">text/html</S>
      <S N="Date">Sat, 16 Dec 2017 13:04:09 GMT</S>
      <S N="Server">Apache</S>
      <S N="Connection">Upgrade, Keep-Alive</S>
      <S N="Upgrade">h2</S>
    </MS>
  </Obj>
</Objs>