<Objs Version="1.1.0.1" xmlns="http://schemas.microsoft.com/powershell/2004/04">
  <Obj RefId="0">
    <TN RefId="0">
      <T>System.Management.Automation.PSCustomObject</T>
      <T>System.Object</T>
    </TN>
    <MS>
      <S N="Vary">Accept-Encoding</S>
      <S N="Last-Modified">Wed, 30 May 2018 07:27:27 GMT</S>
      <S N="ETag">"39ee-56d67486215c0"</S>
      <S N="Keep-Alive">timeout=15, max=100</S>
      <S N="Content-Length">14830</S>
      <S N="Accept-Ranges">none</S>
      <S N="Content-Type">text/html</S>
      <S N="Date">Wed, 30 May 2018 12:43:30 GMT</S>
      <S N="Server">Apache</S>
      <S N="Connection">Upgrade, Keep-Alive</S>
      <S N="Upgrade">h2</S>
    </MS>
  </Obj>
</Objs>