<Objs Version="1.1.0.1" xmlns="http://schemas.microsoft.com/powershell/2004/04">
  <Obj RefId="0">
    <TN RefId="0">
      <T>System.Management.Automation.PSCustomObject</T>
      <T>System.Object</T>
    </TN>
    <MS>
      <S N="Vary">Accept-Encoding</S>
      <S N="Last-Modified">Tue, 07 Jun 2016 08:12:39 GMT</S>
      <S N="ETag">"145ad-534abc09b2bc0"</S>
      <S N="Keep-Alive">timeout=15, max=100</S>
      <S N="Content-Length">83373</S>
      <S N="Accept-Ranges">bytes</S>
      <S N="Content-Type">text/html</S>
      <S N="Date">Sat, 11 Jun 2016 04:28:22 GMT</S>
      <S N="Server">Apache</S>
      <S N="Connection">Keep-Alive</S>
    </MS>
  </Obj>
</Objs>