<Objs Version="1.1.0.1" xmlns="http://schemas.microsoft.com/powershell/2004/04">
  <Obj RefId="0">
    <TN RefId="0">
      <T>System.Management.Automation.PSCustomObject</T>
      <T>System.Object</T>
    </TN>
    <MS>
      <S N="Vary">Accept-Encoding</S>
      <S N="Last-Modified">Thu, 01 Feb 2018 02:32:23 GMT</S>
      <S N="ETag">"16eec-5641d67de3bc0"</S>
      <S N="Keep-Alive">timeout=15, max=100</S>
      <S N="Content-Length">93932</S>
      <S N="Accept-Ranges">none</S>
      <S N="Content-Type">text/html</S>
      <S N="Date">Sat, 03 Feb 2018 14:07:29 GMT</S>
      <S N="Server">Apache</S>
      <S N="Connection">Upgrade, Keep-Alive</S>
      <S N="Upgrade">h2</S>
    </MS>
  </Obj>
</Objs>