<Objs Version="1.1.0.1" xmlns="http://schemas.microsoft.com/powershell/2004/04">
  <Obj RefId="0">
    <TN RefId="0">
      <T>System.Management.Automation.PSCustomObject</T>
      <T>System.Object</T>
    </TN>
    <MS>
      <S N="Vary">Accept-Encoding</S>
      <S N="Last-Modified">Mon, 11 Jun 2018 06:03:35 GMT</S>
      <S N="ETag">"3b54-56e57828c5bc0"</S>
      <S N="Keep-Alive">timeout=15, max=100</S>
      <S N="Content-Length">15188</S>
      <S N="Accept-Ranges">none</S>
      <S N="Content-Type">text/html</S>
      <S N="Date">Wed, 13 Jun 2018 12:25:31 GMT</S>
      <S N="Server">Apache</S>
      <S N="Connection">Upgrade, Keep-Alive</S>
      <S N="Upgrade">h2</S>
    </MS>
  </Obj>
</Objs>