<Objs Version="1.1.0.1" xmlns="http://schemas.microsoft.com/powershell/2004/04">
  <Obj RefId="0">
    <TN RefId="0">
      <T>System.Management.Automation.PSCustomObject</T>
      <T>System.Object</T>
    </TN>
    <MS>
      <S N="Vary">Accept-Encoding</S>
      <S N="Last-Modified">Tue, 31 Jan 2017 13:37:31 GMT</S>
      <S N="ETag">"15ae9-5476408a6bcc0"</S>
      <S N="Keep-Alive">timeout=15, max=100</S>
      <S N="Content-Length">88809</S>
      <S N="Accept-Ranges">bytes</S>
      <S N="Content-Type">text/html</S>
      <S N="Date">Sat, 04 Feb 2017 13:30:36 GMT</S>
      <S N="Server">Apache</S>
      <S N="Connection">Upgrade, Keep-Alive</S>
      <S N="Upgrade">h2</S>
    </MS>
  </Obj>
</Objs>