<Objs Version="1.1.0.1" xmlns="http://schemas.microsoft.com/powershell/2004/04">
  <Obj RefId="0">
    <TN RefId="0">
      <T>System.Management.Automation.PSCustomObject</T>
      <T>System.Object</T>
    </TN>
    <MS>
      <S N="ETag">"141ee-52f16fb73a780"</S>
      <S N="Last-Modified">Mon, 28 Mar 2016 07:37:18 GMT</S>
      <S N="Accept-Ranges">bytes</S>
      <S N="Content-Length">82414</S>
      <S N="Content-Type">text/html</S>
      <S N="Date">Wed, 27 Apr 2016 16:17:21 GMT</S>
      <S N="Vary">Accept-Encoding</S>
      <S N="Server">Apache</S>
    </MS>
  </Obj>
</Objs>