<Objs Version="1.1.0.1" xmlns="http://schemas.microsoft.com/powershell/2004/04">
  <Obj RefId="0">
    <TN RefId="0">
      <T>System.Management.Automation.PSCustomObject</T>
      <T>System.Object</T>
    </TN>
    <MS>
      <S N="Vary">Accept-Encoding</S>
      <S N="Last-Modified">Tue, 31 May 2016 02:01:24 GMT</S>
      <S N="ETag">"143a8-53419c0060500"</S>
      <S N="Keep-Alive">timeout=15, max=100</S>
      <S N="Content-Length">82856</S>
      <S N="Accept-Ranges">bytes</S>
      <S N="Content-Type">text/html</S>
      <S N="Date">Sun, 05 Jun 2016 00:04:32 GMT</S>
      <S N="Server">Apache</S>
      <S N="Connection">Keep-Alive</S>
    </MS>
  </Obj>
</Objs>