<Objs Version="1.1.0.1" xmlns="http://schemas.microsoft.com/powershell/2004/04">
  <Obj RefId="0">
    <TN RefId="0">
      <T>System.Management.Automation.PSCustomObject</T>
      <T>System.Object</T>
    </TN>
    <MS>
      <S N="Vary">Accept-Encoding</S>
      <S N="Last-Modified">Fri, 21 Oct 2016 07:20:34 GMT</S>
      <S N="ETag">"1576c-53f5ae0c27480"</S>
      <S N="Keep-Alive">timeout=15, max=100</S>
      <S N="Content-Length">87916</S>
      <S N="Accept-Ranges">bytes</S>
      <S N="Content-Type">text/html</S>
      <S N="Date">Sun, 23 Oct 2016 14:11:51 GMT</S>
      <S N="Server">Apache</S>
      <S N="Connection">Upgrade, Keep-Alive</S>
      <S N="Upgrade">h2</S>
    </MS>
  </Obj>
</Objs>